<?xml version="1.0" encoding="UTF-8"?>
<!-- Generated by org.testng.reporters.JUnitReportReporter -->
<testsuite skipped="0" hostname="CSI-0027" name="com.crm.qa.testcases.User_VerifyLastFourDigits" tests="1" failures="0" timestamp="13 Feb 2019 09:50:18 GMT" time="30.531" errors="0">
  <testcase name="usernameUITest" time="30.531" classname="com.crm.qa.testcases.User_VerifyLastFourDigits"/>
</testsuite> <!-- com.crm.qa.testcases.User_VerifyLastFourDigits -->
