<?xml version="1.0" encoding="UTF-8"?>
<!-- Generated by org.testng.reporters.JUnitReportReporter -->
<testsuite skipped="0" hostname="CSI-0027" name="com.crm.qa.testcases.VerifyLastFourDigits" tests="1" failures="0" timestamp="06 Feb 2019 12:15:08 GMT" time="10.742" errors="0">
  <testcase name="usernameUITest" time="10.742" classname="com.crm.qa.testcases.VerifyLastFourDigits"/>
</testsuite> <!-- com.crm.qa.testcases.VerifyLastFourDigits -->
