<?xml version="1.0" encoding="UTF-8"?>
<!-- Generated by org.testng.reporters.JUnitReportReporter -->
<testsuite skipped="0" hostname="CSI-0027" name="com.crm.qa.testcases.ScheduleAppointmentsUseCase" tests="4" failures="0" timestamp="16 Feb 2019 10:12:29 GMT" time="125.553" errors="0">
  <testcase name="usernameUITest" time="53.208" classname="com.crm.qa.testcases.ScheduleAppointmentsUseCase"/>
  <testcase name="usernameUITest" time="8.208" classname="com.crm.qa.testcases.ScheduleAppointmentsUseCase"/>
  <testcase name="usernameUITest" time="9.344" classname="com.crm.qa.testcases.ScheduleAppointmentsUseCase"/>
  <testcase name="usernameUITest" time="54.793" classname="com.crm.qa.testcases.ScheduleAppointmentsUseCase"/>
</testsuite> <!-- com.crm.qa.testcases.ScheduleAppointmentsUseCase -->
