<?xml version="1.0" encoding="UTF-8"?>
<!-- Generated by org.testng.reporters.JUnitReportReporter -->
<testsuite skipped="0" hostname="CSI-0027" name="com.crm.qa.testcases.AgentLoginLogout" tests="1" failures="0" timestamp="13 Feb 2019 12:45:17 GMT" time="10.141" errors="0">
  <testcase name="usernameUITest" time="10.141" classname="com.crm.qa.testcases.AgentLoginLogout"/>
</testsuite> <!-- com.crm.qa.testcases.AgentLoginLogout -->
